{"/home/devraz/dev/learn-testing/01-test/src/app.controller.ts": {"path":"/home/devraz/dev/learn-testing/01-test/src/app.controller.ts","statementMap":{"0":{"start":{"line":1,"column":0},"end":{"line":1,"column":49}},"1":{"start":{"line":2,"column":0},"end":{"line":2,"column":43}},"2":{"start":{"line":5,"column":7},"end":{"line":12,"column":null}},"3":{"start":{"line":6,"column":31},"end":{"line":6,"column":43}},"4":{"start":{"line":10,"column":4},"end":{"line":10,"column":38}},"5":{"start":{"line":5,"column":13},"end":{"line":5,"column":26}},"6":{"start":{"line":9,"column":2},"end":{"line":11,"column":null}},"7":{"start":{"line":5,"column":13},"end":{"line":12,"column":null}}},"fnMap":{"0":{"name":"(anonymous_2)","decl":{"start":{"line":6,"column":2},"end":{"line":6,"column":31}},"loc":{"start":{"line":6,"column":53},"end":{"line":6,"column":57}}},"1":{"name":"(anonymous_3)","decl":{"start":{"line":9,"column":2},"end":{"line":9,"column":10}},"loc":{"start":{"line":9,"column":10},"end":{"line":11,"column":3}}}},"branchMap":{"0":{"loc":{"start":{"line":6,"column":43},"end":{"line":6,"column":56}},"type":"cond-expr","locations":[{"start":{"line":6,"column":53},"end":{"line":6,"column":56}},{"start":{"line":6,"column":53},"end":{"line":6,"column":56}}]},"1":{"loc":{"start":{"line":6,"column":43},"end":{"line":6,"column":53}},"type":"binary-expr","locations":[{"start":{"line":6,"column":43},"end":{"line":6,"column":56}},{"start":{"line":6,"column":43},"end":{"line":6,"column":53}}]}},"s":{"0":2,"1":2,"2":2,"3":3,"4":3,"5":2,"6":2,"7":2},"f":{"0":3,"1":3},"b":{"0":[2,0],"1":[2,2]}}
,"/home/devraz/dev/learn-testing/01-test/src/app.module.ts": {"path":"/home/devraz/dev/learn-testing/01-test/src/app.module.ts","statementMap":{"0":{"start":{"line":1,"column":0},"end":{"line":1,"column":40}},"1":{"start":{"line":2,"column":0},"end":{"line":2,"column":49}},"2":{"start":{"line":3,"column":0},"end":{"line":3,"column":43}},"3":{"start":{"line":4,"column":0},"end":{"line":4,"column":60}},"4":{"start":{"line":11,"column":7},"end":{"line":11,"column":null}},"5":{"start":{"line":11,"column":13},"end":{"line":11,"column":22}},"6":{"start":{"line":11,"column":13},"end":{"line":11,"column":null}}},"fnMap":{},"branchMap":{},"s":{"0":2,"1":2,"2":2,"3":2,"4":2,"5":2,"6":2},"f":{},"b":{}}
,"/home/devraz/dev/learn-testing/01-test/src/app.service.ts": {"path":"/home/devraz/dev/learn-testing/01-test/src/app.service.ts","statementMap":{"0":{"start":{"line":1,"column":0},"end":{"line":1,"column":44}},"1":{"start":{"line":4,"column":7},"end":{"line":8,"column":null}},"2":{"start":{"line":6,"column":4},"end":{"line":6,"column":26}},"3":{"start":{"line":4,"column":13},"end":{"line":4,"column":23}},"4":{"start":{"line":4,"column":13},"end":{"line":8,"column":null}}},"fnMap":{"0":{"name":"(anonymous_1)","decl":{"start":{"line":5,"column":2},"end":{"line":5,"column":10}},"loc":{"start":{"line":5,"column":10},"end":{"line":7,"column":3}}}},"branchMap":{},"s":{"0":2,"1":2,"2":3,"3":2,"4":2},"f":{"0":3},"b":{}}
,"/home/devraz/dev/learn-testing/01-test/src/pokemons/pokemons.controller.ts": {"path":"/home/devraz/dev/learn-testing/01-test/src/pokemons/pokemons.controller.ts","statementMap":{"0":{"start":{"line":1,"column":0},"end":{"line":1,"column":90}},"1":{"start":{"line":2,"column":0},"end":{"line":2,"column":53}},"2":{"start":{"line":3,"column":0},"end":{"line":3,"column":60}},"3":{"start":{"line":4,"column":0},"end":{"line":4,"column":60}},"4":{"start":{"line":5,"column":0},"end":{"line":5,"column":62}},"5":{"start":{"line":8,"column":7},"end":{"line":35,"column":null}},"6":{"start":{"line":9,"column":31},"end":{"line":9,"column":48}},"7":{"start":{"line":13,"column":4},"end":{"line":13,"column":57}},"8":{"start":{"line":18,"column":4},"end":{"line":18,"column":55}},"9":{"start":{"line":23,"column":4},"end":{"line":23,"column":45}},"10":{"start":{"line":28,"column":4},"end":{"line":28,"column":62}},"11":{"start":{"line":33,"column":4},"end":{"line":33,"column":44}},"12":{"start":{"line":8,"column":13},"end":{"line":8,"column":31}},"13":{"start":{"line":12,"column":2},"end":{"line":14,"column":null}},"14":{"start":{"line":17,"column":2},"end":{"line":19,"column":null}},"15":{"start":{"line":22,"column":2},"end":{"line":24,"column":null}},"16":{"start":{"line":27,"column":2},"end":{"line":29,"column":null}},"17":{"start":{"line":32,"column":2},"end":{"line":34,"column":null}},"18":{"start":{"line":8,"column":13},"end":{"line":35,"column":null}}},"fnMap":{"0":{"name":"(anonymous_4)","decl":{"start":{"line":9,"column":2},"end":{"line":9,"column":31}},"loc":{"start":{"line":9,"column":63},"end":{"line":9,"column":67}}},"1":{"name":"(anonymous_5)","decl":{"start":{"line":12,"column":2},"end":{"line":12,"column":8}},"loc":{"start":{"line":12,"column":51},"end":{"line":14,"column":3}}},"2":{"name":"(anonymous_6)","decl":{"start":{"line":17,"column":2},"end":{"line":17,"column":9}},"loc":{"start":{"line":17,"column":47},"end":{"line":19,"column":3}}},"3":{"name":"(anonymous_7)","decl":{"start":{"line":22,"column":2},"end":{"line":22,"column":9}},"loc":{"start":{"line":22,"column":33},"end":{"line":24,"column":3}}},"4":{"name":"(anonymous_8)","decl":{"start":{"line":27,"column":2},"end":{"line":27,"column":8}},"loc":{"start":{"line":27,"column":76},"end":{"line":29,"column":3}}},"5":{"name":"(anonymous_9)","decl":{"start":{"line":32,"column":2},"end":{"line":32,"column":8}},"loc":{"start":{"line":32,"column":32},"end":{"line":34,"column":3}}}},"branchMap":{"0":{"loc":{"start":{"line":12,"column":35},"end":{"line":12,"column":null}},"type":"cond-expr","locations":[{"start":{"line":12,"column":51},"end":{"line":12,"column":null}},{"start":{"line":12,"column":51},"end":{"line":12,"column":null}}]},"1":{"loc":{"start":{"line":12,"column":35},"end":{"line":12,"column":51}},"type":"binary-expr","locations":[{"start":{"line":12,"column":35},"end":{"line":12,"column":null}},{"start":{"line":12,"column":35},"end":{"line":12,"column":51}}]},"2":{"loc":{"start":{"line":17,"column":34},"end":{"line":17,"column":null}},"type":"cond-expr","locations":[{"start":{"line":17,"column":47},"end":{"line":17,"column":null}},{"start":{"line":17,"column":47},"end":{"line":17,"column":null}}]},"3":{"loc":{"start":{"line":17,"column":34},"end":{"line":17,"column":47}},"type":"binary-expr","locations":[{"start":{"line":17,"column":34},"end":{"line":17,"column":null}},{"start":{"line":17,"column":34},"end":{"line":17,"column":47}}]},"4":{"loc":{"start":{"line":27,"column":60},"end":{"line":27,"column":null}},"type":"cond-expr","locations":[{"start":{"line":27,"column":76},"end":{"line":27,"column":null}},{"start":{"line":27,"column":76},"end":{"line":27,"column":null}}]},"5":{"loc":{"start":{"line":27,"column":60},"end":{"line":27,"column":76}},"type":"binary-expr","locations":[{"start":{"line":27,"column":60},"end":{"line":27,"column":null}},{"start":{"line":27,"column":60},"end":{"line":27,"column":76}}]},"6":{"loc":{"start":{"line":9,"column":48},"end":{"line":9,"column":66}},"type":"cond-expr","locations":[{"start":{"line":9,"column":63},"end":{"line":9,"column":66}},{"start":{"line":9,"column":63},"end":{"line":9,"column":66}}]},"7":{"loc":{"start":{"line":9,"column":48},"end":{"line":9,"column":63}},"type":"binary-expr","locations":[{"start":{"line":9,"column":48},"end":{"line":9,"column":66}},{"start":{"line":9,"column":48},"end":{"line":9,"column":63}}]}},"s":{"0":2,"1":2,"2":2,"3":2,"4":2,"5":2,"6":3,"7":0,"8":0,"9":0,"10":0,"11":0,"12":2,"13":2,"14":2,"15":2,"16":2,"17":2,"18":2},"f":{"0":3,"1":0,"2":0,"3":0,"4":0,"5":0},"b":{"0":[2,0],"1":[2,2],"2":[2,0],"3":[2,2],"4":[2,0],"5":[2,2],"6":[2,0],"7":[2,2]}}
,"/home/devraz/dev/learn-testing/01-test/src/pokemons/pokemons.module.ts": {"path":"/home/devraz/dev/learn-testing/01-test/src/pokemons/pokemons.module.ts","statementMap":{"0":{"start":{"line":1,"column":0},"end":{"line":1,"column":40}},"1":{"start":{"line":2,"column":0},"end":{"line":2,"column":53}},"2":{"start":{"line":3,"column":0},"end":{"line":3,"column":59}},"3":{"start":{"line":9,"column":7},"end":{"line":9,"column":null}},"4":{"start":{"line":9,"column":13},"end":{"line":9,"column":27}},"5":{"start":{"line":9,"column":13},"end":{"line":9,"column":null}}},"fnMap":{},"branchMap":{},"s":{"0":2,"1":2,"2":2,"3":2,"4":2,"5":2},"f":{},"b":{}}
,"/home/devraz/dev/learn-testing/01-test/src/pokemons/pokemons.service.ts": {"path":"/home/devraz/dev/learn-testing/01-test/src/pokemons/pokemons.service.ts","statementMap":{"0":{"start":{"line":1,"column":0},"end":{"line":1,"column":null}},"1":{"start":{"line":14,"column":7},"end":{"line":116,"column":null}},"2":{"start":{"line":15,"column":27},"end":{"line":15,"column":55}},"3":{"start":{"line":16,"column":18},"end":{"line":16,"column":44}},"4":{"start":{"line":19,"column":29},"end":{"line":24,"column":6}},"5":{"start":{"line":26,"column":4},"end":{"line":32,"column":7}},"6":{"start":{"line":27,"column":6},"end":{"line":31,"column":7}},"7":{"start":{"line":28,"column":8},"end":{"line":30,"column":10}},"8":{"start":{"line":34,"column":4},"end":{"line":34,"column":48}},"9":{"start":{"line":36,"column":4},"end":{"line":36,"column":36}},"10":{"start":{"line":40,"column":37},"end":{"line":40,"column":50}},"11":{"start":{"line":41,"column":19},"end":{"line":41,"column":37}},"12":{"start":{"line":43,"column":21},"end":{"line":43,"column":39}},"13":{"start":{"line":44,"column":4},"end":{"line":46,"column":5}},"14":{"start":{"line":45,"column":6},"end":{"line":45,"column":56}},"15":{"start":{"line":48,"column":16},"end":{"line":48,"column":83}},"16":{"start":{"line":50,"column":21},"end":{"line":50,"column":37}},"17":{"start":{"line":51,"column":18},"end":{"line":51,"column":39}},"18":{"start":{"line":53,"column":28},"end":{"line":58,"column":6}},"19":{"start":{"line":54,"column":18},"end":{"line":54,"column":28}},"20":{"start":{"line":55,"column":17},"end":{"line":55,"column":39}},"21":{"start":{"line":57,"column":6},"end":{"line":57,"column":45}},"22":{"start":{"line":60,"column":21},"end":{"line":60,"column":55}},"23":{"start":{"line":62,"column":4},"end":{"line":62,"column":56}},"24":{"start":{"line":64,"column":4},"end":{"line":64,"column":20}},"25":{"start":{"line":68,"column":4},"end":{"line":70,"column":5}},"26":{"start":{"line":69,"column":6},"end":{"line":69,"column":41}},"27":{"start":{"line":72,"column":20},"end":{"line":72,"column":56}},"28":{"start":{"line":74,"column":4},"end":{"line":74,"column":40}},"29":{"start":{"line":75,"column":4},"end":{"line":75,"column":19}},"30":{"start":{"line":79,"column":20},"end":{"line":79,"column":42}},"31":{"start":{"line":81,"column":27},"end":{"line":84,"column":6}},"32":{"start":{"line":86,"column":4},"end":{"line":86,"column":47}},"33":{"start":{"line":88,"column":4},"end":{"line":88,"column":43}},"34":{"start":{"line":92,"column":20},"end":{"line":92,"column":42}},"35":{"start":{"line":94,"column":4},"end":{"line":94,"column":34}},"36":{"start":{"line":96,"column":4},"end":{"line":96,"column":63}},"37":{"start":{"line":100,"column":21},"end":{"line":100,"column":75}},"38":{"start":{"line":102,"column":4},"end":{"line":104,"column":5}},"39":{"start":{"line":103,"column":6},"end":{"line":103,"column":69}},"40":{"start":{"line":106,"column":18},"end":{"line":106,"column":39}},"41":{"start":{"line":108,"column":4},"end":{"line":114,"column":6}},"42":{"start":{"line":14,"column":13},"end":{"line":14,"column":28}},"43":{"start":{"line":14,"column":13},"end":{"line":116,"column":null}}},"fnMap":{"0":{"name":"(anonymous_1)","decl":{"start":{"line":18,"column":2},"end":{"line":18,"column":8}},"loc":{"start":{"line":18,"column":43},"end":{"line":37,"column":3}}},"1":{"name":"(anonymous_2)","decl":{"start":{"line":26,"column":31},"end":{"line":26,"column":32}},"loc":{"start":{"line":26,"column":49},"end":{"line":32,"column":5}}},"2":{"name":"(anonymous_3)","decl":{"start":{"line":39,"column":2},"end":{"line":39,"column":7}},"loc":{"start":{"line":39,"column":44},"end":{"line":65,"column":3}}},"3":{"name":"(anonymous_4)","decl":{"start":{"line":53,"column":45},"end":{"line":53,"column":46}},"loc":{"start":{"line":53,"column":56},"end":{"line":58,"column":5}}},"4":{"name":"(anonymous_5)","decl":{"start":{"line":67,"column":2},"end":{"line":67,"column":7}},"loc":{"start":{"line":67,"column":26},"end":{"line":76,"column":3}}},"5":{"name":"(anonymous_6)","decl":{"start":{"line":78,"column":2},"end":{"line":78,"column":7}},"loc":{"start":{"line":78,"column":61},"end":{"line":89,"column":3}}},"6":{"name":"(anonymous_7)","decl":{"start":{"line":91,"column":2},"end":{"line":91,"column":7}},"loc":{"start":{"line":91,"column":25},"end":{"line":97,"column":3}}},"7":{"name":"(anonymous_8)","decl":{"start":{"line":99,"column":10},"end":{"line":99,"column":15}},"loc":{"start":{"line":99,"column":48},"end":{"line":115,"column":3}}}},"branchMap":{"0":{"loc":{"start":{"line":22,"column":10},"end":{"line":22,"column":34}},"type":"binary-expr","locations":[{"start":{"line":22,"column":10},"end":{"line":22,"column":29}},{"start":{"line":22,"column":33},"end":{"line":22,"column":34}}]},"1":{"loc":{"start":{"line":23,"column":15},"end":{"line":23,"column":45}},"type":"binary-expr","locations":[{"start":{"line":23,"column":15},"end":{"line":23,"column":39}},{"start":{"line":23,"column":43},"end":{"line":23,"column":45}}]},"2":{"loc":{"start":{"line":27,"column":6},"end":{"line":31,"column":7}},"type":"if","locations":[{"start":{"line":27,"column":6},"end":{"line":31,"column":7}},{"start":{},"end":{}}]},"3":{"loc":{"start":{"line":40,"column":12},"end":{"line":40,"column":22}},"type":"default-arg","locations":[{"start":{"line":40,"column":20},"end":{"line":40,"column":22}}]},"4":{"loc":{"start":{"line":40,"column":24},"end":{"line":40,"column":32}},"type":"default-arg","locations":[{"start":{"line":40,"column":31},"end":{"line":40,"column":32}}]},"5":{"loc":{"start":{"line":44,"column":4},"end":{"line":46,"column":5}},"type":"if","locations":[{"start":{"line":44,"column":4},"end":{"line":46,"column":5}},{"start":{},"end":{}}]},"6":{"loc":{"start":{"line":68,"column":4},"end":{"line":70,"column":5}},"type":"if","locations":[{"start":{"line":68,"column":4},"end":{"line":70,"column":5}},{"start":{},"end":{}}]},"7":{"loc":{"start":{"line":102,"column":4},"end":{"line":104,"column":5}},"type":"if","locations":[{"start":{"line":102,"column":4},"end":{"line":104,"column":5}},{"start":{},"end":{}}]}},"s":{"0":2,"1":2,"2":3,"3":3,"4":0,"5":0,"6":0,"7":0,"8":0,"9":0,"10":0,"11":0,"12":0,"13":0,"14":0,"15":0,"16":0,"17":0,"18":0,"19":0,"20":0,"21":0,"22":0,"23":0,"24":0,"25":0,"26":0,"27":0,"28":0,"29":0,"30":0,"31":0,"32":0,"33":0,"34":0,"35":0,"36":0,"37":0,"38":0,"39":0,"40":0,"41":0,"42":2,"43":2},"f":{"0":0,"1":0,"2":0,"3":0,"4":0,"5":0,"6":0,"7":0},"b":{"0":[0,0],"1":[0,0],"2":[0,0],"3":[0],"4":[0],"5":[0,0],"6":[0,0],"7":[0,0]}}
,"/home/devraz/dev/learn-testing/01-test/src/pokemons/dto/create-pokemon.dto.ts": {"path":"/home/devraz/dev/learn-testing/01-test/src/pokemons/dto/create-pokemon.dto.ts","statementMap":{"0":{"start":{"line":1,"column":0},"end":{"line":1,"column":86}},"1":{"start":{"line":3,"column":0},"end":{"line":3,"column":13}},"2":{"start":{"line":7,"column":4},"end":{"line":7,"column":null}},"3":{"start":{"line":11,"column":4},"end":{"line":11,"column":null}},"4":{"start":{"line":16,"column":4},"end":{"line":16,"column":null}},"5":{"start":{"line":21,"column":4},"end":{"line":21,"column":null}}},"fnMap":{},"branchMap":{},"s":{"0":2,"1":2,"2":2,"3":2,"4":2,"5":2},"f":{},"b":{}}
,"/home/devraz/dev/learn-testing/01-test/src/pokemons/dto/update-pokemon.dto.ts": {"path":"/home/devraz/dev/learn-testing/01-test/src/pokemons/dto/update-pokemon.dto.ts","statementMap":{"0":{"start":{"line":1,"column":0},"end":{"line":1,"column":51}},"1":{"start":{"line":2,"column":0},"end":{"line":2,"column":56}},"2":{"start":{"line":4,"column":0},"end":{"line":4,"column":13}}},"fnMap":{},"branchMap":{},"s":{"0":2,"1":2,"2":2},"f":{},"b":{}}
,"/home/devraz/dev/learn-testing/01-test/src/shared/dtos/pagination.dto.ts": {"path":"/home/devraz/dev/learn-testing/01-test/src/shared/dtos/pagination.dto.ts","statementMap":{"0":{"start":{"line":1,"column":0},"end":{"line":1,"column":58}},"1":{"start":{"line":2,"column":0},"end":{"line":2,"column":41}},"2":{"start":{"line":5,"column":0},"end":{"line":5,"column":13}},"3":{"start":{"line":10,"column":2},"end":{"line":10,"column":null}},"4":{"start":{"line":8,"column":14},"end":{"line":8,"column":20}},"5":{"start":{"line":16,"column":2},"end":{"line":16,"column":null}},"6":{"start":{"line":14,"column":14},"end":{"line":14,"column":20}}},"fnMap":{"0":{"name":"(anonymous_2)","decl":{"start":{"line":8,"column":8},"end":{"line":8,"column":11}},"loc":{"start":{"line":8,"column":14},"end":{"line":8,"column":20}}},"1":{"name":"(anonymous_3)","decl":{"start":{"line":14,"column":8},"end":{"line":14,"column":11}},"loc":{"start":{"line":14,"column":14},"end":{"line":14,"column":20}}}},"branchMap":{},"s":{"0":2,"1":2,"2":2,"3":2,"4":0,"5":2,"6":0},"f":{"0":0,"1":0},"b":{}}
}
